C:\Program Files (x86)\Microsoft Visual Studio\2017\Community\Common7\IDE\VC\VCTargets\Microsoft.CppBuild.targets(377,5): warning MSB8004: Output Directory does not end with a trailing slash.  This build instance will add the slash as it is required to allow proper evaluation of the Output Directory.
  CheckRouteFound.c
  DSR.c
e:\working_project\sinkhole_attack_in_leach_updated_last\sinkhole_attack_in_leach\32-bit\code\dsr\dsr.c(88): warning C4013: 'fn_NetSim_DSR_MaliciousNode' undefined; assuming extern returning int
e:\working_project\sinkhole_attack_in_leach_updated_last\sinkhole_attack_in_leach\32-bit\code\dsr\dsr.c(140): warning C4013: 'fn_NetSim_DSR_MaliciousProcessSourceRouteOption' undefined; assuming extern returning int
  LEACH.c
e:\working_project\sinkhole_attack_in_leach_updated_last\sinkhole_attack_in_leach\32-bit\code\dsr\leach.c(44): warning C4010: single-line comment contains line-continuation character
e:\working_project\sinkhole_attack_in_leach_updated_last\sinkhole_attack_in_leach\32-bit\code\dsr\leach.c(45): warning C4010: single-line comment contains line-continuation character
e:\working_project\sinkhole_attack_in_leach_updated_last\sinkhole_attack_in_leach\32-bit\code\dsr\leach.c(46): warning C4010: single-line comment contains line-continuation character
e:\working_project\sinkhole_attack_in_leach_updated_last\sinkhole_attack_in_leach\32-bit\code\dsr\leach.c(94): warning C4013: 'fn_NetSim_LEACH_AssignClusterHead' undefined; assuming extern returning int
e:\working_project\sinkhole_attack_in_leach_updated_last\sinkhole_attack_in_leach\32-bit\code\dsr\leach.c(121): warning C4013: 'fn_NetSim_LEACH_IdentifyCluster' undefined; assuming extern returning int
e:\working_project\sinkhole_attack_in_leach_updated_last\sinkhole_attack_in_leach\32-bit\code\dsr\leach.c(77): warning C4101: 'nInterface': unreferenced local variable
e:\working_project\sinkhole_attack_in_leach_updated_last\sinkhole_attack_in_leach\32-bit\code\dsr\leach.c(162): warning C4013: 'fn_NetSim_DSR_MaliciousNode' undefined; assuming extern returning int
e:\working_project\sinkhole_attack_in_leach_updated_last\sinkhole_attack_in_leach\32-bit\code\dsr\leach.c(165): warning C4013: 'find_ip_in_blacklist' undefined; assuming extern returning int
  MaintBuffer.c
  Malicious.c
  Network_Layer_Ack.c
  PacketProcessing.c
e:\working_project\sinkhole_attack_in_leach_updated_last\sinkhole_attack_in_leach\32-bit\code\dsr\packetprocessing.c(36): warning C4013: 'fn_NetSim_LEACH_GetNextHop' undefined; assuming extern returning int
  Pathrater.c
e:\working_project\sinkhole_attack_in_leach_updated_last\sinkhole_attack_in_leach\32-bit\code\dsr\pathrater.c(62): warning C4101: 'n': unreferenced local variable
e:\working_project\sinkhole_attack_in_leach_updated_last\sinkhole_attack_in_leach\32-bit\code\dsr\pathrater.c(71): warning C4101: 'n': unreferenced local variable
  RouteCache.c
  RouteError.c
  RouteReply.c
  RouteRequest.c
  SendBuffer.c
  SourceRoute.c
e:\working_project\sinkhole_attack_in_leach_updated_last\sinkhole_attack_in_leach\32-bit\code\dsr\sourceroute.c(64): warning C4013: 'fn_NetSim_LEACH_CheckDestination' undefined; assuming extern returning int
  Generating Code...
e:\working_project\sinkhole_attack_in_leach_updated_last\sinkhole_attack_in_leach\32-bit\code\dsr\leach.c(193): warning C4715: 'fn_NetSim_LEACH_IdentifyCluster': not all control paths return a value
CheckRouteFound.obj : warning LNK4075: ignoring '/EDITANDCONTINUE' due to '/INCREMENTAL:NO' specification
  List.lib(List.obj) : MSIL .netmodule or module compiled with /GL found; restarting link with /LTCG; add /LTCG to the link command line to improve linker performance
CheckRouteFound.obj : warning LNK4075: ignoring '/EDITANDCONTINUE' due to '/INCREMENTAL:NO' specification
     Creating library ..\Dll\libDSR.lib and object ..\Dll\libDSR.exp
LINK : warning LNK4098: defaultlib 'MSVCRT' conflicts with use of other libs; use /NODEFAULTLIB:library
  Generating code
  Finished generating code
List.lib(List.obj) : warning LNK4099: PDB 'List.pdb' was not found with 'List.lib(List.obj)' or at 'E:\working_project\SinkHole_Attack_in_LEACH_updated_last\SinkHole_Attack_in_LEACH\32-bit\Code\Dll\List.pdb'; linking object as if no debug info
DSR.lib(DSR.obj) : warning LNK4099: PDB 'DSRLib.pdb' was not found with 'DSR.lib(DSR.obj)' or at 'E:\working_project\SinkHole_Attack_in_LEACH_updated_last\SinkHole_Attack_in_LEACH\32-bit\Code\Dll\DSRLib.pdb'; linking object as if no debug info
DSR.lib(LinkLayerAck.obj) : warning LNK4099: PDB 'DSRLib.pdb' was not found with 'DSR.lib(LinkLayerAck.obj)' or at 'E:\working_project\SinkHole_Attack_in_LEACH_updated_last\SinkHole_Attack_in_LEACH\32-bit\Code\Dll\DSRLib.pdb'; linking object as if no debug info
  DSR.vcxproj -> E:\working_project\SinkHole_Attack_in_LEACH_updated_last\SinkHole_Attack_in_LEACH\32-bit\Code\DSR\..\Dll\libDSR.dll
