e:\working_project\sinkhole_attack_in_leach_updated_last\sinkhole_attack_in_leach\32-bit\code\zigbee\debug\vc141.pdb
e:\working_project\sinkhole_attack_in_leach_updated_last\sinkhole_attack_in_leach\32-bit\code\zigbee\debug\vc141.idb
e:\working_project\sinkhole_attack_in_leach_updated_last\sinkhole_attack_in_leach\32-bit\code\zigbee\debug\watchdog.obj
e:\working_project\sinkhole_attack_in_leach_updated_last\sinkhole_attack_in_leach\32-bit\code\zigbee\debug\unslottedcsmaca.obj
e:\working_project\sinkhole_attack_in_leach_updated_last\sinkhole_attack_in_leach\32-bit\code\zigbee\debug\superframe.obj
e:\working_project\sinkhole_attack_in_leach_updated_last\sinkhole_attack_in_leach\32-bit\code\zigbee\debug\slottedcsmaca.obj
e:\working_project\sinkhole_attack_in_leach_updated_last\sinkhole_attack_in_leach\32-bit\code\zigbee\debug\sinrcalculation.obj
e:\working_project\sinkhole_attack_in_leach_updated_last\sinkhole_attack_in_leach\32-bit\code\zigbee\debug\locatebackoffboundary.obj
e:\working_project\sinkhole_attack_in_leach_updated_last\sinkhole_attack_in_leach\32-bit\code\zigbee\debug\changeradiostate.obj
e:\working_project\sinkhole_attack_in_leach_updated_last\sinkhole_attack_in_leach\32-bit\code\zigbee\debug\cca.obj
e:\working_project\sinkhole_attack_in_leach_updated_last\sinkhole_attack_in_leach\32-bit\code\zigbee\debug\bercalculation.obj
e:\working_project\sinkhole_attack_in_leach_updated_last\sinkhole_attack_in_leach\32-bit\code\zigbee\debug\backoffcalculation.obj
e:\working_project\sinkhole_attack_in_leach_updated_last\sinkhole_attack_in_leach\32-bit\code\zigbee\debug\802_15_4.obj
e:\working_project\sinkhole_attack_in_leach_updated_last\sinkhole_attack_in_leach\32-bit\code\dll\libzigbee.dll
e:\working_project\sinkhole_attack_in_leach_updated_last\sinkhole_attack_in_leach\32-bit\code\dll\zigbee.pdb
e:\working_project\sinkhole_attack_in_leach_updated_last\sinkhole_attack_in_leach\32-bit\code\dll\zigbee.lib
e:\working_project\sinkhole_attack_in_leach_updated_last\sinkhole_attack_in_leach\32-bit\code\dll\zigbee.exp
e:\working_project\sinkhole_attack_in_leach_updated_last\sinkhole_attack_in_leach\32-bit\code\zigbee\debug\zigbee.tlog\cl.command.1.tlog
e:\working_project\sinkhole_attack_in_leach_updated_last\sinkhole_attack_in_leach\32-bit\code\zigbee\debug\zigbee.tlog\cl.read.1.tlog
e:\working_project\sinkhole_attack_in_leach_updated_last\sinkhole_attack_in_leach\32-bit\code\zigbee\debug\zigbee.tlog\cl.write.1.tlog
e:\working_project\sinkhole_attack_in_leach_updated_last\sinkhole_attack_in_leach\32-bit\code\zigbee\debug\zigbee.tlog\link.command.1.tlog
e:\working_project\sinkhole_attack_in_leach_updated_last\sinkhole_attack_in_leach\32-bit\code\zigbee\debug\zigbee.tlog\link.read.1.tlog
e:\working_project\sinkhole_attack_in_leach_updated_last\sinkhole_attack_in_leach\32-bit\code\zigbee\debug\zigbee.tlog\link.write.1.tlog
e:\working_project\sinkhole_attack_in_leach_updated_last\sinkhole_attack_in_leach\32-bit\code\zigbee\debug\zigbee.tlog\zigbee.write.1u.tlog
