c:\users\pc5\downloads\sinkhole_attack_in_leach_v11.0-master\sinkhole_attack_in_leach_v11.0-master\64bit\code\zigbee\x64\debug\vc141.pdb
c:\users\pc5\downloads\sinkhole_attack_in_leach_v11.0-master\sinkhole_attack_in_leach_v11.0-master\64bit\code\zigbee\x64\debug\vc141.idb
c:\users\pc5\downloads\sinkhole_attack_in_leach_v11.0-master\sinkhole_attack_in_leach_v11.0-master\64bit\code\zigbee\x64\debug\watchdog.obj
c:\users\pc5\downloads\sinkhole_attack_in_leach_v11.0-master\sinkhole_attack_in_leach_v11.0-master\64bit\code\zigbee\x64\debug\unslottedcsmaca.obj
c:\users\pc5\downloads\sinkhole_attack_in_leach_v11.0-master\sinkhole_attack_in_leach_v11.0-master\64bit\code\zigbee\x64\debug\superframe.obj
c:\users\pc5\downloads\sinkhole_attack_in_leach_v11.0-master\sinkhole_attack_in_leach_v11.0-master\64bit\code\zigbee\x64\debug\slottedcsmaca.obj
c:\users\pc5\downloads\sinkhole_attack_in_leach_v11.0-master\sinkhole_attack_in_leach_v11.0-master\64bit\code\zigbee\x64\debug\sinrcalculation.obj
c:\users\pc5\downloads\sinkhole_attack_in_leach_v11.0-master\sinkhole_attack_in_leach_v11.0-master\64bit\code\zigbee\x64\debug\locatebackoffboundary.obj
c:\users\pc5\downloads\sinkhole_attack_in_leach_v11.0-master\sinkhole_attack_in_leach_v11.0-master\64bit\code\zigbee\x64\debug\changeradiostate.obj
c:\users\pc5\downloads\sinkhole_attack_in_leach_v11.0-master\sinkhole_attack_in_leach_v11.0-master\64bit\code\zigbee\x64\debug\cca.obj
c:\users\pc5\downloads\sinkhole_attack_in_leach_v11.0-master\sinkhole_attack_in_leach_v11.0-master\64bit\code\zigbee\x64\debug\bercalculation.obj
c:\users\pc5\downloads\sinkhole_attack_in_leach_v11.0-master\sinkhole_attack_in_leach_v11.0-master\64bit\code\zigbee\x64\debug\backoffcalculation.obj
c:\users\pc5\downloads\sinkhole_attack_in_leach_v11.0-master\sinkhole_attack_in_leach_v11.0-master\64bit\code\zigbee\x64\debug\802_15_4.obj
c:\users\pc5\downloads\sinkhole_attack_in_leach_v11.0-master\sinkhole_attack_in_leach_v11.0-master\64bit\code\dll\libzigbee.dll
c:\users\pc5\downloads\sinkhole_attack_in_leach_v11.0-master\sinkhole_attack_in_leach_v11.0-master\64bit\code\dll\zigbee.pdb
c:\users\pc5\downloads\sinkhole_attack_in_leach_v11.0-master\sinkhole_attack_in_leach_v11.0-master\64bit\code\dll\zigbee.lib
c:\users\pc5\downloads\sinkhole_attack_in_leach_v11.0-master\sinkhole_attack_in_leach_v11.0-master\64bit\code\dll\zigbee.exp
c:\users\pc5\downloads\sinkhole_attack_in_leach_v11.0-master\sinkhole_attack_in_leach_v11.0-master\64bit\code\zigbee\x64\debug\zigbee.tlog\cl.command.1.tlog
c:\users\pc5\downloads\sinkhole_attack_in_leach_v11.0-master\sinkhole_attack_in_leach_v11.0-master\64bit\code\zigbee\x64\debug\zigbee.tlog\cl.read.1.tlog
c:\users\pc5\downloads\sinkhole_attack_in_leach_v11.0-master\sinkhole_attack_in_leach_v11.0-master\64bit\code\zigbee\x64\debug\zigbee.tlog\cl.write.1.tlog
c:\users\pc5\downloads\sinkhole_attack_in_leach_v11.0-master\sinkhole_attack_in_leach_v11.0-master\64bit\code\zigbee\x64\debug\zigbee.tlog\link.command.1.tlog
c:\users\pc5\downloads\sinkhole_attack_in_leach_v11.0-master\sinkhole_attack_in_leach_v11.0-master\64bit\code\zigbee\x64\debug\zigbee.tlog\link.read.1.tlog
c:\users\pc5\downloads\sinkhole_attack_in_leach_v11.0-master\sinkhole_attack_in_leach_v11.0-master\64bit\code\zigbee\x64\debug\zigbee.tlog\link.write.1.tlog
c:\users\pc5\downloads\sinkhole_attack_in_leach_v11.0-master\sinkhole_attack_in_leach_v11.0-master\64bit\code\zigbee\x64\debug\zigbee.tlog\zigbee.write.1u.tlog
